#
# There is insufficient memory for the Java Runtime Environment to continue.
# Native memory allocation (malloc) failed to allocate 1301536 bytes for Chunk::new
# Possible reasons:
#   The system is out of physical RAM or swap space
#   In 32 bit mode, the process size limit was hit
# Possible solutions:
#   Reduce memory load on the system
#   Increase physical memory or swap space
#   Check if swap backing store is full
#   Use 64 bit Java on a 64 bit OS
#   Decrease Java heap size (-Xmx/-Xms)
#   Decrease number of Java threads
#   Decrease Java thread stack sizes (-Xss)
#   Set larger code cache with -XX:ReservedCodeCacheSize=
# This output file may be truncated or incomplete.
#
#  Out of Memory Error (allocation.cpp:390), pid=1940, tid=0x00000000000000b8
#
# JRE version: OpenJDK Runtime Environment (8.0_152-b01) (build 1.8.0_152-release-1343-b01)
# Java VM: OpenJDK 64-Bit Server VM (25.152-b01 mixed mode windows-amd64 compressed oops)
# Failed to write core dump. Minidumps are not enabled by default on client versions of Windows
#

---------------  T H R E A D  ---------------

Current thread (0x0000000016bb0800):  JavaThread "C2 CompilerThread1" daemon [_thread_in_native, id=184, stack(0x0000000018300000,0x0000000018400000)]

Stack: [0x0000000018300000,0x0000000018400000]
[error occurred during error reporting (printing stack bounds), id 0xc0000005]

Native frames: (J=compiled Java code, j=interpreted, Vv=VM code, C=native code)


Current CompileTask:
C2:  46926 13682   !   4       org.gradle.api.internal.AbstractClassGenerator::generateUnderLock (1144 bytes)


---------------  P R O C E S S  ---------------

Java Threads: ( => current thread )
  0x000000001a0df800 JavaThread "stdout" [_thread_in_native, id=3540, stack(0x00000000288a0000,0x00000000289a0000)]
  0x000000001a0e1000 JavaThread "stderr" [_thread_in_native, id=15484, stack(0x00000000287a0000,0x00000000288a0000)]
  0x000000001a0e4000 JavaThread "pool-13-thread-1" [_thread_blocked, id=14036, stack(0x00000000286a0000,0x00000000287a0000)]
  0x000000001a0e0800 JavaThread "ForkJoinPool.commonPool-worker-0" daemon [_thread_blocked, id=12204, stack(0x00000000285a0000,0x00000000286a0000)]
  0x000000001cf37000 JavaThread "Cache worker for execution history cache (G:\Duty\Mobile\.gradle\5.1.1\executionHistory)" [_thread_blocked, id=15460, stack(0x00000000284a0000,0x00000000285a0000)]
  0x000000001cf35000 JavaThread "Execution worker for ':' Thread 3" [_thread_blocked, id=7376, stack(0x00000000283a0000,0x00000000284a0000)]
  0x000000001cf3a000 JavaThread "Execution worker for ':' Thread 2" [_thread_blocked, id=5616, stack(0x00000000282a0000,0x00000000283a0000)]
  0x000000001cf33800 JavaThread "Execution worker for ':'" [_thread_blocked, id=1160, stack(0x00000000281a0000,0x00000000282a0000)]
  0x000000001cf2d800 JavaThread "Cache worker for file content cache (G:\Duty\Mobile\.gradle\5.1.1\fileContent)" [_thread_blocked, id=8536, stack(0x00000000280a0000,0x00000000281a0000)]
  0x000000001cf32800 JavaThread "Cache worker for Build Output Cleanup Cache (G:\Duty\Mobile\.gradle\buildOutputCleanup)" [_thread_blocked, id=9560, stack(0x0000000027fa0000,0x00000000280a0000)]
  0x000000001cf2c800 JavaThread "pool-12-thread-1" [_thread_blocked, id=16824, stack(0x0000000027ea0000,0x0000000027fa0000)]
  0x000000001cf30800 JavaThread "Build operations Thread 4" [_thread_blocked, id=3112, stack(0x0000000027da0000,0x0000000027ea0000)]
  0x000000001c433800 JavaThread "Build operations Thread 3" [_thread_blocked, id=11816, stack(0x0000000027ca0000,0x0000000027da0000)]
  0x000000001c436000 JavaThread "Build operations Thread 2" [_thread_blocked, id=7616, stack(0x0000000027ba0000,0x0000000027ca0000)]
  0x000000001c435800 JavaThread "Build operations" [_thread_blocked, id=12772, stack(0x0000000027aa0000,0x0000000027ba0000)]
  0x000000001c433000 JavaThread "Cache worker for cache directory md-rule (C:\Users\LENOVO\.gradle\caches\5.1.1\md-rule)" [_thread_blocked, id=8688, stack(0x00000000279a0000,0x0000000027aa0000)]
  0x000000001c429000 JavaThread "Cache worker for cache directory md-supplier (C:\Users\LENOVO\.gradle\caches\5.1.1\md-supplier)" [_thread_blocked, id=10700, stack(0x00000000278a0000,0x00000000279a0000)]
  0x000000001c42d800 JavaThread "Cache worker for file hash cache (G:\Duty\Mobile\.gradle\5.1.1\fileHashes)" [_thread_blocked, id=7848, stack(0x00000000277a0000,0x00000000278a0000)]
  0x000000001c42d000 JavaThread "Thread-33" [_thread_blocked, id=12628, stack(0x00000000276a0000,0x00000000277a0000)]
  0x000000001c42a000 JavaThread "Stdin handler" [_thread_blocked, id=2868, stack(0x00000000275a0000,0x00000000276a0000)]
  0x000000001c42f000 JavaThread "Asynchronous log dispatcher for DefaultDaemonConnection: socket connection from /127.0.0.1:53060 to /127.0.0.1:53092" [_thread_blocked, id=16872, stack(0x00000000274a0000,0x00000000275a0000)]
  0x000000001c428800 JavaThread "Cancel handler" [_thread_blocked, id=1652, stack(0x00000000273a0000,0x00000000274a0000)]
  0x000000001c42a800 JavaThread "Handler for socket connection from /127.0.0.1:53060 to /127.0.0.1:53092" [_thread_in_native, id=6952, stack(0x00000000272a0000,0x00000000273a0000)]
  0x000000001c434800 JavaThread "Cache worker for Java compile cache (C:\Users\LENOVO\.gradle\caches\5.1.1\javaCompile)" [_thread_blocked, id=11660, stack(0x0000000024ba0000,0x0000000024ca0000)]
  0x000000001cf39800 JavaThread "Cache worker for file content cache (C:\Users\LENOVO\.gradle\caches\5.1.1\fileContent)" [_thread_blocked, id=17384, stack(0x0000000023da0000,0x0000000023ea0000)]
  0x000000001cf32000 JavaThread "Memory manager" [_thread_blocked, id=10808, stack(0x0000000023aa0000,0x0000000023ba0000)]
  0x000000001cf2b000 JavaThread "Cache worker for execution history cache (C:\Users\LENOVO\.gradle\caches\5.1.1\executionHistory)" [_thread_blocked, id=9024, stack(0x0000000020530000,0x0000000020630000)]
  0x0000000019b3b000 JavaThread "Cache worker for journal cache (C:\Users\LENOVO\.gradle\caches\journal-1)" [_thread_blocked, id=13656, stack(0x000000001b650000,0x000000001b750000)]
  0x0000000019b38800 JavaThread "File lock request listener" [_thread_in_native, id=7368, stack(0x000000001b550000,0x000000001b650000)]
  0x0000000019b44000 JavaThread "Cache worker for file hash cache (C:\Users\LENOVO\.gradle\caches\5.1.1\fileHashes)" [_thread_blocked, id=16836, stack(0x000000001b450000,0x000000001b550000)]
  0x00000000198f3000 JavaThread "Daemon worker" [_thread_blocked, id=16368, stack(0x000000001b050000,0x000000001b150000)]
  0x00000000198cb000 JavaThread "Daemon" [_thread_blocked, id=14608, stack(0x000000001ab50000,0x000000001ac50000)]
  0x0000000019c34800 JavaThread "Daemon periodic checks" [_thread_blocked, id=17052, stack(0x000000001aa50000,0x000000001ab50000)]
  0x0000000019c33000 JavaThread "Incoming local TCP Connector on port 53060" [_thread_in_native, id=13816, stack(0x000000001a810000,0x000000001a910000)]
  0x0000000018530800 JavaThread "Service Thread" daemon [_thread_blocked, id=12504, stack(0x0000000018900000,0x0000000018a00000)]
  0x0000000016bbd000 JavaThread "C1 CompilerThread2" daemon [_thread_blocked, id=11168, stack(0x0000000018400000,0x0000000018500000)]
=>0x0000000016bb0800 JavaThread "C2 CompilerThread1" daemon [_thread_in_native, id=184, stack(0x0000000018300000,0x0000000018400000)]
  0x0000000016bba000 JavaThread "C2 CompilerThread0" daemon [_thread_in_native, id=16116, stack(0x0000000018200000,0x0000000018300000)]
  0x0000000016bb8800 JavaThread "Attach Listener" daemon [_thread_blocked, id=16844, stack(0x0000000018100000,0x0000000018200000)]
  0x0000000016bb7800 JavaThread "Signal Dispatcher" daemon [_thread_blocked, id=16208, stack(0x0000000018000000,0x0000000018100000)]
  0x00000000031fe800 JavaThread "Finalizer" daemon [_thread_blocked, id=13952, stack(0x0000000017e00000,0x0000000017f00000)]
  0x00000000031f3800 JavaThread "Reference Handler" daemon [_thread_blocked, id=7352, stack(0x0000000017d00000,0x0000000017e00000)]
  0x000000000323e000 JavaThread "main" [_thread_blocked, id=4152, stack(0x0000000002fc0000,0x00000000030c0000)]

Other Threads:
  0x0000000016b77000 VMThread [stack: 0x0000000017c00000,0x0000000017d00000] [id=3248]
  0x0000000016bf0000 WatcherThread [stack: 0x0000000018a00000,0x0000000018b00000] [id=12000]

VM state:not at safepoint (normal execution)

VM Mutex/Monitor currently owned by a thread: None

Heap:
 PSYoungGen      total 249344K, used 186882K [0x00000000e0000000, 0x00000000f3b80000, 0x0000000100000000)
  eden space 226816K, 74% used [0x00000000e0000000,0x00000000ea4e2de8,0x00000000edd80000)
  from space 22528K, 80% used [0x00000000edd80000,0x00000000eef1da88,0x00000000ef380000)
  to   space 24064K, 0% used [0x00000000f2400000,0x00000000f2400000,0x00000000f3b80000)
 ParOldGen       total 117760K, used 46919K [0x00000000a0000000, 0x00000000a7300000, 0x00000000e0000000)
  object space 117760K, 39% used [0x00000000a0000000,0x00000000a2dd1e08,0x00000000a7300000)
 Metaspace       used 86679K, capacity 90244K, committed 90392K, reserved 1128448K
  class space    used 11286K, capacity 11997K, committed 12072K, reserved 1048576K

Card table byte_map: [0x0000000012600000,0x0000000012910000] byte_map_base: 0x0000000012100000

Marking Bits: (ParMarkBitMap*) 0x0000000070fd5aa0
 Begin Bits: [0x0000000012f10000, 0x0000000014710000)
 End Bits:   [0x0000000014710000, 0x0000000015f10000)

Polling page: 0x00000000013d0000

CodeCache: size=245760Kb used=35809Kb max_used=35809Kb free=209950Kb
 bounds [0x0000000003240000, 0x0000000005570000, 0x0000000012240000]
 total_blobs=12690 nmethods=11811 adapters=790
 compilation: enabled

Compilation events (10 events):
Event: 46.747 Thread 0x0000000016bbd000 14203       1       org.gradle.api.internal.tasks.execution.DefaultTaskProperties$ValidationVisitor::getTaskPropertySpecs (5 bytes)
Event: 46.747 Thread 0x0000000016bbd000 nmethod 14203 0x0000000005562f90 code [0x00000000055630e0, 0x00000000055631f0]
Event: 46.747 Thread 0x0000000016bbd000 14206       2       org.gradle.internal.snapshot.impl.DefaultValueSnapshotter::snapshot (10 bytes)
Event: 46.748 Thread 0x0000000016bbd000 nmethod 14206 0x0000000005563250 code [0x00000000055633c0, 0x0000000005563528]
Event: 46.748 Thread 0x0000000016bbd000 14207       2       org.gradle.api.internal.file.CompositeFileCollection::visitLeafCollections (40 bytes)
Event: 46.748 Thread 0x0000000016bbd000 nmethod 14207 0x00000000055635d0 code [0x0000000005563780, 0x0000000005563a48]
Event: 46.768 Thread 0x0000000016bbd000 14208       1       org.gradle.api.internal.artifacts.ivyservice.DefaultLenientConfiguration::access$600 (5 bytes)
Event: 46.768 Thread 0x0000000016bbd000 nmethod 14208 0x0000000005563bd0 code [0x0000000005563d20, 0x0000000005563e10]
Event: 46.782 Thread 0x0000000016bbd000 14209       2       java.nio.file.Files::newDirectoryStream (12 bytes)
Event: 46.782 Thread 0x0000000016bbd000 nmethod 14209 0x0000000005563e90 code [0x0000000005564000, 0x00000000055641c8]

GC Heap History (10 events):
Event: 9.021 GC heap before
{Heap before GC invocations=14 (full 2):
 PSYoungGen      total 165376K, used 20332K [0x00000000e0000000, 0x00000000ed680000, 0x0000000100000000)
  eden space 151552K, 4% used [0x00000000e0000000,0x00000000e0661d60,0x00000000e9400000)
  from space 13824K, 99% used [0x00000000e9400000,0x00000000ea179580,0x00000000ea180000)
  to   space 18432K, 0% used [0x00000000ec480000,0x00000000ec480000,0x00000000ed680000)
 ParOldGen       total 86016K, used 27644K [0x00000000a0000000, 0x00000000a5400000, 0x00000000e0000000)
  object space 86016K, 32% used [0x00000000a0000000,0x00000000a1aff250,0x00000000a5400000)
 Metaspace       used 57594K, capacity 59020K, committed 59160K, reserved 1099776K
  class space    used 7766K, capacity 8143K, committed 8232K, reserved 1048576K
Event: 9.028 GC heap after
Heap after GC invocations=14 (full 2):
 PSYoungGen      total 200704K, used 416K [0x00000000e0000000, 0x00000000ef200000, 0x0000000100000000)
  eden space 182272K, 0% used [0x00000000e0000000,0x00000000e0000000,0x00000000eb200000)
  from space 18432K, 2% used [0x00000000ec480000,0x00000000ec4e8000,0x00000000ed680000)
  to   space 18944K, 0% used [0x00000000eb200000,0x00000000eb200000,0x00000000ec480000)
 ParOldGen       total 86016K, used 32381K [0x00000000a0000000, 0x00000000a5400000, 0x00000000e0000000)
  object space 86016K, 37% used [0x00000000a0000000,0x00000000a1f9f470,0x00000000a5400000)
 Metaspace       used 57594K, capacity 59020K, committed 59160K, reserved 1099776K
  class space    used 7766K, capacity 8143K, committed 8232K, reserved 1048576K
}
Event: 9.028 GC heap before
{Heap before GC invocations=15 (full 3):
 PSYoungGen      total 200704K, used 416K [0x00000000e0000000, 0x00000000ef200000, 0x0000000100000000)
  eden space 182272K, 0% used [0x00000000e0000000,0x00000000e0000000,0x00000000eb200000)
  from space 18432K, 2% used [0x00000000ec480000,0x00000000ec4e8000,0x00000000ed680000)
  to   space 18944K, 0% used [0x00000000eb200000,0x00000000eb200000,0x00000000ec480000)
 ParOldGen       total 86016K, used 32381K [0x00000000a0000000, 0x00000000a5400000, 0x00000000e0000000)
  object space 86016K, 37% used [0x00000000a0000000,0x00000000a1f9f470,0x00000000a5400000)
 Metaspace       used 57594K, capacity 59020K, committed 59160K, reserved 1099776K
  class space    used 7766K, capacity 8143K, committed 8232K, reserved 1048576K
Event: 9.278 GC heap after
Heap after GC invocations=15 (full 3):
 PSYoungGen      total 200704K, used 0K [0x00000000e0000000, 0x00000000ef200000, 0x0000000100000000)
  eden space 182272K, 0% used [0x00000000e0000000,0x00000000e0000000,0x00000000eb200000)
  from space 18432K, 0% used [0x00000000ec480000,0x00000000ec480000,0x00000000ed680000)
  to   space 18944K, 0% used [0x00000000eb200000,0x00000000eb200000,0x00000000ec480000)
 ParOldGen       total 117760K, used 27153K [0x00000000a0000000, 0x00000000a7300000, 0x00000000e0000000)
  object space 117760K, 23% used [0x00000000a0000000,0x00000000a1a84408,0x00000000a7300000)
 Metaspace       used 57594K, capacity 59020K, committed 59160K, reserved 1099776K
  class space    used 7766K, capacity 8143K, committed 8232K, reserved 1048576K
}
Event: 11.658 GC heap before
{Heap before GC invocations=16 (full 3):
 PSYoungGen      total 200704K, used 182272K [0x00000000e0000000, 0x00000000ef200000, 0x0000000100000000)
  eden space 182272K, 100% used [0x00000000e0000000,0x00000000eb200000,0x00000000eb200000)
  from space 18432K, 0% used [0x00000000ec480000,0x00000000ec480000,0x00000000ed680000)
  to   space 18944K, 0% used [0x00000000eb200000,0x00000000eb200000,0x00000000ec480000)
 ParOldGen       total 117760K, used 27153K [0x00000000a0000000, 0x00000000a7300000, 0x00000000e0000000)
  object space 117760K, 23% used [0x00000000a0000000,0x00000000a1a84408,0x00000000a7300000)
 Metaspace       used 62682K, capacity 64586K, committed 64664K, reserved 1105920K
  class space    used 8442K, capacity 8872K, committed 8872K, reserved 1048576K
Event: 11.680 GC heap after
Heap after GC invocations=16 (full 3):
 PSYoungGen      total 201216K, used 18920K [0x00000000e0000000, 0x00000000f1180000, 0x0000000100000000)
  eden space 182272K, 0% used [0x00000000e0000000,0x00000000e0000000,0x00000000eb200000)
  from space 18944K, 99% used [0x00000000eb200000,0x00000000ec47a070,0x00000000ec480000)
  to   space 23552K, 0% used [0x00000000efa80000,0x00000000efa80000,0x00000000f1180000)
 ParOldGen       total 117760K, used 31017K [0x00000000a0000000, 0x00000000a7300000, 0x00000000e0000000)
  object space 117760K, 26% used [0x00000000a0000000,0x00000000a1e4a4b0,0x00000000a7300000)
 Metaspace       used 62682K, capacity 64586K, committed 64664K, reserved 1105920K
  class space    used 8442K, capacity 8872K, committed 8872K, reserved 1048576K
}
Event: 15.620 GC heap before
{Heap before GC invocations=17 (full 3):
 PSYoungGen      total 201216K, used 201192K [0x00000000e0000000, 0x00000000f1180000, 0x0000000100000000)
  eden space 182272K, 100% used [0x00000000e0000000,0x00000000eb200000,0x00000000eb200000)
  from space 18944K, 99% used [0x00000000eb200000,0x00000000ec47a070,0x00000000ec480000)
  to   space 23552K, 0% used [0x00000000efa80000,0x00000000efa80000,0x00000000f1180000)
 ParOldGen       total 117760K, used 31017K [0x00000000a0000000, 0x00000000a7300000, 0x00000000e0000000)
  object space 117760K, 26% used [0x00000000a0000000,0x00000000a1e4a4b0,0x00000000a7300000)
 Metaspace       used 70419K, capacity 72594K, committed 72856K, reserved 1112064K
  class space    used 9314K, capacity 9826K, committed 9896K, reserved 1048576K
Event: 15.653 GC heap after
Heap after GC invocations=17 (full 3):
 PSYoungGen      total 242176K, used 11018K [0x00000000e0000000, 0x00000000f0980000, 0x0000000100000000)
  eden space 226816K, 0% used [0x00000000e0000000,0x00000000e0000000,0x00000000edd80000)
  from space 15360K, 71% used [0x00000000efa80000,0x00000000f0542860,0x00000000f0980000)
  to   space 22528K, 0% used [0x00000000edd80000,0x00000000edd80000,0x00000000ef380000)
 ParOldGen       total 117760K, used 46911K [0x00000000a0000000, 0x00000000a7300000, 0x00000000e0000000)
  object space 117760K, 39% used [0x00000000a0000000,0x00000000a2dcfe08,0x00000000a7300000)
 Metaspace       used 70419K, capacity 72594K, committed 72856K, reserved 1112064K
  class space    used 9314K, capacity 9826K, committed 9896K, reserved 1048576K
}
Event: 19.164 GC heap before
{Heap before GC invocations=18 (full 3):
 PSYoungGen      total 242176K, used 237834K [0x00000000e0000000, 0x00000000f0980000, 0x0000000100000000)
  eden space 226816K, 100% used [0x00000000e0000000,0x00000000edd80000,0x00000000edd80000)
  from space 15360K, 71% used [0x00000000efa80000,0x00000000f0542860,0x00000000f0980000)
  to   space 22528K, 0% used [0x00000000edd80000,0x00000000edd80000,0x00000000ef380000)
 ParOldGen       total 117760K, used 46911K [0x00000000a0000000, 0x00000000a7300000, 0x00000000e0000000)
  object space 117760K, 39% used [0x00000000a0000000,0x00000000a2dcfe08,0x00000000a7300000)
 Metaspace       used 82261K, capacity 85574K, committed 85784K, reserved 1124352K
  class space    used 10876K, capacity 11524K, committed 11560K, reserved 1048576K
Event: 19.183 GC heap after
Heap after GC invocations=18 (full 3):
 PSYoungGen      total 249344K, used 18038K [0x00000000e0000000, 0x00000000f3b80000, 0x0000000100000000)
  eden space 226816K, 0% used [0x00000000e0000000,0x00000000e0000000,0x00000000edd80000)
  from space 22528K, 80% used [0x00000000edd80000,0x00000000eef1da88,0x00000000ef380000)
  to   space 24064K, 0% used [0x00000000f2400000,0x00000000f2400000,0x00000000f3b80000)
 ParOldGen       total 117760K, used 46919K [0x00000000a0000000, 0x00000000a7300000, 0x00000000e0000000)
  object space 117760K, 39% used [0x00000000a0000000,0x00000000a2dd1e08,0x00000000a7300000)
 Metaspace       used 82261K, capacity 85574K, committed 85784K, reserved 1124352K
  class space    used 10876K, capacity 11524K, committed 11560K, reserved 1048576K
}

Deoptimization events (10 events):
Event: 45.640 Thread 0x00000000198f3000 Uncommon trap: reason=bimorphic action=maybe_recompile pc=0x0000000003a6c874 method=com.google.common.collect.Iterables.toArray(Ljava/lang/Iterable;[Ljava/lang/Object;)[Ljava/lang/Object; @ 7
Event: 46.172 Thread 0x00000000198f3000 Uncommon trap: reason=unstable_if action=reinterpret pc=0x00000000053ebe50 method=java.util.concurrent.ConcurrentLinkedQueue.offer(Ljava/lang/Object;)Z @ 40
Event: 46.201 Thread 0x000000001cf35000 Uncommon trap: reason=unstable_if action=reinterpret pc=0x00000000045d2c6c method=java.util.concurrent.ConcurrentLinkedQueue.poll()Ljava/lang/Object; @ 25
Event: 46.204 Thread 0x000000001cf33800 Uncommon trap: reason=unstable_if action=reinterpret pc=0x0000000004426c24 method=java.util.concurrent.ConcurrentLinkedQueue.poll()Ljava/lang/Object; @ 25
Event: 46.262 Thread 0x000000001cf3a000 Uncommon trap: reason=unstable_if action=reinterpret pc=0x00000000048aaf04 method=com.google.common.collect.MapMakerInternalMap$Segment.put(Ljava/lang/Object;ILjava/lang/Object;Z)Ljava/lang/Object; @ 92
Event: 46.283 Thread 0x000000001cf35000 Uncommon trap: reason=unstable_if action=reinterpret pc=0x00000000053a7dc0 method=java.util.concurrent.ConcurrentLinkedQueue.offer(Ljava/lang/Object;)Z @ 40
Event: 46.446 Thread 0x00000000198f3000 Uncommon trap: reason=unstable_if action=reinterpret pc=0x000000000462a0d0 method=com.sun.org.apache.xerces.internal.impl.XMLEntityScanner.scanQName(Lcom/sun/org/apache/xerces/internal/xni/QName;Lcom/sun/org/apache/xerces/internal/impl/XMLScanner$NameType
Event: 46.475 Thread 0x00000000198f3000 Uncommon trap: reason=unstable_if action=reinterpret pc=0x000000000470c840 method=com.android.ide.common.resources.configuration.FolderConfiguration.getQualifierString()Ljava/lang/String; @ 56
Event: 46.603 Thread 0x00000000198f3000 Uncommon trap: reason=bimorphic action=maybe_recompile pc=0x000000000471de20 method=com.sun.org.apache.xerces.internal.dom.ParentNode.internalInsertBefore(Lorg/w3c/dom/Node;Lorg/w3c/dom/Node;Z)Lorg/w3c/dom/Node; @ 565
Event: 46.604 Thread 0x00000000198f3000 Uncommon trap: reason=null_check action=make_not_entrant pc=0x00000000047268b8 method=com.android.ide.common.resources.NodeUtils.processSingleNodeNamespace(Lorg/w3c/dom/Node;Lorg/w3c/dom/Document;)Z @ 8

Classes redefined (0 events):
No events

Internal exceptions (10 events):
Event: 19.564 Thread 0x00000000198cb000 Exception <a 'java/lang/NoSuchMethodError': <clinit>> (0x00000000e2ad5a40) thrown at [D:\src\AOSP-openjdk-cygwin\jdk8u\hotspot\src\share\vm\prims\jni.cpp, line 1613]
Event: 19.565 Thread 0x00000000198cb000 Exception <a 'java/lang/NoSuchMethodError': <clinit>> (0x00000000e2ae1038) thrown at [D:\src\AOSP-openjdk-cygwin\jdk8u\hotspot\src\share\vm\prims\jni.cpp, line 1613]
Event: 19.566 Thread 0x00000000198cb000 Exception <a 'java/lang/NoSuchMethodError': <clinit>> (0x00000000e2aed748) thrown at [D:\src\AOSP-openjdk-cygwin\jdk8u\hotspot\src\share\vm\prims\jni.cpp, line 1613]
Event: 19.568 Thread 0x00000000198cb000 Exception <a 'java/lang/NoSuchMethodError': <clinit>> (0x00000000e2b07098) thrown at [D:\src\AOSP-openjdk-cygwin\jdk8u\hotspot\src\share\vm\prims\jni.cpp, line 1613]
Event: 19.568 Thread 0x00000000198cb000 Exception <a 'java/lang/NoSuchMethodError': <clinit>> (0x00000000e2b17ae0) thrown at [D:\src\AOSP-openjdk-cygwin\jdk8u\hotspot\src\share\vm\prims\jni.cpp, line 1613]
Event: 45.335 Thread 0x00000000198f3000 Implicit null exception at 0x0000000004599676 to 0x000000000459997d
Event: 45.335 Thread 0x00000000198f3000 Implicit null exception at 0x0000000004f3a4f6 to 0x0000000004f3ab39
Event: 45.584 Thread 0x00000000198f3000 Exception <a 'sun/nio/fs/WindowsException'> (0x00000000e4268e78) thrown at [D:\src\AOSP-openjdk-cygwin\jdk8u\hotspot\src\share\vm\prims\jni.cpp, line 709]
Event: 45.587 Thread 0x00000000198f3000 Exception <a 'sun/nio/fs/WindowsException'> (0x00000000e42758a8) thrown at [D:\src\AOSP-openjdk-cygwin\jdk8u\hotspot\src\share\vm\prims\jni.cpp, line 709]
Event: 46.603 Thread 0x00000000198f3000 Implicit null exception at 0x000000000472623b to 0x00000000047268a9

Events (10 events):
Event: 46.603 Thread 0x00000000198f3000 DEOPT UNPACKING pc=0x000000000328557b sp=0x000000001b149190 mode 2
Event: 46.603 Thread 0x00000000198f3000 Uncommon trap: trap_request=0xfffffff4 fr.pc=0x00000000047268b8
Event: 46.604 Thread 0x00000000198f3000 DEOPT PACKING pc=0x00000000047268b8 sp=0x000000001b1490e0
Event: 46.604 Thread 0x00000000198f3000 DEOPT UNPACKING pc=0x000000000328557b sp=0x000000001b1490a0 mode 2
Event: 46.643 Thread 0x000000001a0e0800 Thread added: 0x000000001a0e0800
Event: 46.644 Thread 0x000000001a0e4000 Thread added: 0x000000001a0e4000
Event: 46.644 Executing VM operation: RevokeBias
Event: 46.644 Executing VM operation: RevokeBias done
Event: 46.649 Thread 0x000000001a0e1000 Thread added: 0x000000001a0e1000
Event: 46.649 Thread 0x000000001a0df800 Thread added: 0x000000001a0df800


Dynamic libraries:
0x00007ff7129a0000 - 0x00007ff7129d1000 	C:\Program Files\Android\Android Studio\jre\bin\java.exe
0x00007ffb0f6f0000 - 0x00007ffb0f8dd000 	C:\WINDOWS\SYSTEM32\ntdll.dll
0x00007ffb0c920000 - 0x00007ffb0c9d3000 	C:\WINDOWS\System32\KERNEL32.DLL
0x00007ffb0b7c0000 - 0x00007ffb0ba53000 	C:\WINDOWS\System32\KERNELBASE.dll
0x00007ffb0f0c0000 - 0x00007ffb0f163000 	C:\WINDOWS\System32\ADVAPI32.dll
0x00007ffb0f200000 - 0x00007ffb0f29e000 	C:\WINDOWS\System32\msvcrt.dll
0x00007ffb0f470000 - 0x00007ffb0f50e000 	C:\WINDOWS\System32\sechost.dll
0x00007ffb0ca00000 - 0x00007ffb0cb22000 	C:\WINDOWS\System32\RPCRT4.dll
0x00007ffb0cb30000 - 0x00007ffb0ccc7000 	C:\WINDOWS\System32\USER32.dll
0x00007ffb0c890000 - 0x00007ffb0c8b0000 	C:\WINDOWS\System32\win32u.dll
0x00007ffb0f090000 - 0x00007ffb0f0b9000 	C:\WINDOWS\System32\GDI32.dll
0x00007ffb0be70000 - 0x00007ffb0c009000 	C:\WINDOWS\System32\gdi32full.dll
0x00007ffb0c010000 - 0x00007ffb0c0b0000 	C:\WINDOWS\System32\msvcp_win.dll
0x00007ffb0bcc0000 - 0x00007ffb0bdba000 	C:\WINDOWS\System32\ucrtbase.dll
0x00007ffafc340000 - 0x00007ffafc5b9000 	C:\WINDOWS\WinSxS\amd64_microsoft.windows.common-controls_6595b64144ccf1df_6.0.17763.678_none_05b74150071d72bf\COMCTL32.dll
0x00007ffb0d030000 - 0x00007ffb0d35c000 	C:\WINDOWS\System32\combase.dll
0x00007ffb0ba60000 - 0x00007ffb0bade000 	C:\WINDOWS\System32\bcryptPrimitives.dll
0x00007ffb0d3c0000 - 0x00007ffb0d3ee000 	C:\WINDOWS\System32\IMM32.DLL
0x0000000070730000 - 0x0000000070802000 	C:\Program Files\Android\Android Studio\jre\jre\bin\msvcr100.dll
0x0000000070810000 - 0x0000000071051000 	C:\Program Files\Android\Android Studio\jre\jre\bin\server\jvm.dll
0x00007ffb0c9e0000 - 0x00007ffb0c9e8000 	C:\WINDOWS\System32\PSAPI.DLL
0x00007ffb022d0000 - 0x00007ffb022f4000 	C:\WINDOWS\SYSTEM32\WINMM.dll
0x00007ffaf1bd0000 - 0x00007ffaf1bd9000 	C:\WINDOWS\SYSTEM32\WSOCK32.dll
0x00007ffb0ea40000 - 0x00007ffb0eaad000 	C:\WINDOWS\System32\WS2_32.dll
0x00007ffb03f10000 - 0x00007ffb03f1a000 	C:\WINDOWS\SYSTEM32\VERSION.dll
0x00007ffb022a0000 - 0x00007ffb022cd000 	C:\WINDOWS\SYSTEM32\winmmbase.dll
0x00007ffb0c8b0000 - 0x00007ffb0c8fa000 	C:\WINDOWS\System32\cfgmgr32.dll
0x00007ffb068d0000 - 0x00007ffb068df000 	C:\Program Files\Android\Android Studio\jre\jre\bin\verify.dll
0x00007ffae90a0000 - 0x00007ffae90c9000 	C:\Program Files\Android\Android Studio\jre\jre\bin\java.dll
0x00007ffaf1bb0000 - 0x00007ffaf1bc6000 	C:\Program Files\Android\Android Studio\jre\jre\bin\zip.dll
0x00007ffb0d3f0000 - 0x00007ffb0e8e0000 	C:\WINDOWS\System32\SHELL32.dll
0x00007ffb0ccd0000 - 0x00007ffb0cd78000 	C:\WINDOWS\System32\shcore.dll
0x00007ffb0c110000 - 0x00007ffb0c85a000 	C:\WINDOWS\System32\windows.storage.dll
0x00007ffb0b750000 - 0x00007ffb0b774000 	C:\WINDOWS\System32\profapi.dll
0x00007ffb0b6f0000 - 0x00007ffb0b74d000 	C:\WINDOWS\System32\powrprof.dll
0x00007ffb0f030000 - 0x00007ffb0f082000 	C:\WINDOWS\System32\shlwapi.dll
0x00007ffb0b7a0000 - 0x00007ffb0b7b1000 	C:\WINDOWS\System32\kernel.appcore.dll
0x00007ffb0c900000 - 0x00007ffb0c917000 	C:\WINDOWS\System32\cryptsp.dll
0x00007ffaecf10000 - 0x00007ffaecf2a000 	C:\Program Files\Android\Android Studio\jre\jre\bin\net.dll
0x00007ffb0af60000 - 0x00007ffb0afc7000 	C:\WINDOWS\system32\mswsock.dll
0x00007ffae9000000 - 0x00007ffae9011000 	C:\Program Files\Android\Android Studio\jre\jre\bin\nio.dll
0x00007ffb03310000 - 0x00007ffb0332e000 	C:\Users\LENOVO\.gradle\native\25\windows-amd64\native-platform.dll
0x00007ffb068c0000 - 0x00007ffb068cd000 	C:\Program Files\Android\Android Studio\jre\jre\bin\management.dll
0x00007ffb0aae0000 - 0x00007ffb0ab13000 	C:\WINDOWS\system32\rsaenh.dll
0x00007ffb0c860000 - 0x00007ffb0c886000 	C:\WINDOWS\System32\bcrypt.dll
0x00007ffb0b5f0000 - 0x00007ffb0b618000 	C:\WINDOWS\SYSTEM32\USERENV.dll
0x00007ffb0b130000 - 0x00007ffb0b13c000 	C:\WINDOWS\SYSTEM32\CRYPTBASE.dll
0x00007ffb0ac80000 - 0x00007ffb0acbd000 	C:\WINDOWS\SYSTEM32\IPHLPAPI.DLL
0x00007ffb0f1f0000 - 0x00007ffb0f1f8000 	C:\WINDOWS\System32\NSI.dll
0x00007ffb02c00000 - 0x00007ffb02c16000 	C:\WINDOWS\SYSTEM32\dhcpcsvc6.DLL
0x00007ffb03170000 - 0x00007ffb0318c000 	C:\WINDOWS\SYSTEM32\dhcpcsvc.DLL
0x00007ffb0acc0000 - 0x00007ffb0ad86000 	C:\WINDOWS\SYSTEM32\DNSAPI.dll

VM Arguments:
jvm_args: -Xmx1536m -Dfile.encoding=windows-1252 -Duser.country=US -Duser.language=en -Duser.variant 
java_command: org.gradle.launcher.daemon.bootstrap.GradleDaemon 5.1.1
java_class_path (initial): C:\Users\LENOVO\.gradle\wrapper\dists\gradle-5.1.1-all\97z1ksx6lirer3kbvdnh7jtjg\gradle-5.1.1\lib\gradle-launcher-5.1.1.jar
Launcher Type: SUN_STANDARD

Environment Variables:
JAVA_HOME=C:\Program Files\Java\jdk-11.0.3
PATH=C:\Program Files (x86)\Common Files\Oracle\Java\javapath;C:\Program Files (x86)\Common Files\Intel\Shared Libraries\redist\intel64_win\compiler;C:\oraclexe\app\oracle\product\10.2.0\server\bin;C:\Program Files (x86)\Common Files\Intel\Shared Libraries\redist\intel64\compiler;C:\Program Files (x86)\Common Files\Intel\Shared Files\cpp\bin\Intel64;C:\WINDOWS\system32;C:\WINDOWS;C:\WINDOWS\System32\Wbem;C:\WINDOWS\System32\WindowsPowerShell\v1.0\;C:\Program Files (x86)\NVIDIA Corporation\PhysX\Common;C:\Program Files\PuTTY\;C:\xampp\php;C:\ProgramData\ComposerSetup\bin;C:\WINDOWS\System32\OpenSSH\;C:\Users\LENOVO\AppData\Local\Programs\Python\Python36-32\Scripts\;C:\Users\LENOVO\AppData\Local\Programs\Python\Python36-32\;C:\Users\LENOVO\AppData\Local\Microsoft\WindowsApps;C:\Users\LENOVO\AppData\Local\GitHubDesktop\bin;C:\Users\LENOVO\AppData\Roaming\Composer\vendor\bin;C:\adb;C:\Python27;C:\Python36;C:\WINDOWS\system32;C:\WINDOWS;C:\WINDOWS\System32\Wbem;C:\WINDOWS\System32\WindowsPowerShell\v1.0\;C:\WINDOWS\System32\OpenSSH\;C:\Program Files\Git\cmd;C:\Program Files\Git\mingw64\bin;C:\Program Files\Git\usr\bin;C:\Program Files\Java\jdk-11.0.3\bin;C:\xampp\apache\bin;C:\Users\LENOVO\AppData\Local\Microsoft\WindowsApps;C:\Users\LENOVO\AppData\Roaming\Composer\vendor\bin;C:\Users\LENOVO\AppData\Local\Microsoft\WindowsApps;C:\FFmpeg\bin;C:\Program Files\JetBrains\IntelliJ IDEA Community Edition 2018.3.1\bin;C:\Program Files\Java\jdk-11.0.3;C:\Python27;C:\Python36;C:\xampp\apache\bin;C:\Users\LENOVO\AppData\Local\GitHubDesktop\bin
USERNAME=LENOVO
OS=Windows_NT
PROCESSOR_IDENTIFIER=Intel64 Family 6 Model 142 Stepping 9, GenuineIntel



---------------  S Y S T E M  ---------------

OS: Windows 10.0 , 64 bit Build 17763 (10.0.17763.475)

CPU:total 4 (initial active 4) (2 cores per cpu, 2 threads per core) family 6 model 142 stepping 9, cmov, cx8, fxsr, mmx, sse, sse2, sse3, ssse3, sse4.1, sse4.2, popcnt, avx, avx2, aes, clmul, erms, 3dnowpref, lzcnt, ht, tsc, tscinvbit, bmi1, bmi2, adx

Memory: 4k page, physical 8286340k(1027924k free), swap 12480644k(5360k free)

vm_info: OpenJDK 64-Bit Server VM (25.152-b01) for windows-amd64 JRE (1.8.0_152-release-1343-b01), built by "builder" with MS VC++ 10.0 (VS2010)

time: Thu Sep 05 22:12:05 2019
elapsed time: 46 seconds (0d 0h 0m 46s)

